# JRE version: OpenJDK Runtime Environment (11.0.4+11) (build 11.0.4+11-post-Ubuntu-1ubuntu218.04.3)
# Java VM: OpenJDK 64-Bit Server VM (11.0.4+11-post-Ubuntu-1ubuntu218.04.3, mixed mode, sharing, tiered, compressed oops, g1 gc, linux-amd64)
Heap:
 garbage-first heap   total 449536K, used 133211K [0x00000000e0000000, 0x0000000100000000)
  region size 1024K, 4 young (4096K), 3 survivors (3072K)
 Metaspace       used 103859K, capacity 107370K, committed 107784K, reserved 348160K
  class space    used 12935K, capacity 14139K, committed 14208K, reserved 253952K
GC Heap History (10 events):
Event: 14411.619 GC heap before
{Heap before GC invocations=109 (full 0):
 garbage-first heap   total 449536K, used 152240K [0x00000000e0000000, 0x0000000100000000)
  region size 1024K, 21 young (21504K), 1 survivors (1024K)
 Metaspace       used 103859K, capacity 107330K, committed 107528K, reserved 348160K
  class space    used 12964K, capacity 14186K, committed 14208K, reserved 253952K
}
Event: 14412.083 GC heap after
{Heap after GC invocations=110 (full 0):
 garbage-first heap   total 449536K, used 132767K [0x00000000e0000000, 0x0000000100000000)
  region size 1024K, 1 young (1024K), 1 survivors (1024K)
 Metaspace       used 103859K, capacity 107330K, committed 107528K, reserved 348160K
  class space    used 12964K, capacity 14186K, committed 14208K, reserved 253952K
}
Event: 14935.811 GC heap before
{Heap before GC invocations=111 (full 0):
 garbage-first heap   total 449536K, used 153247K [0x00000000e0000000, 0x0000000100000000)
  region size 1024K, 21 young (21504K), 1 survivors (1024K)
 Metaspace       used 103543K, capacity 106835K, committed 107528K, reserved 348160K
  class space    used 12864K, capacity 14002K, committed 14208K, reserved 253952K
}
Event: 14936.228 GC heap after
{Heap after GC invocations=112 (full 0):
 garbage-first heap   total 449536K, used 134090K [0x00000000e0000000, 0x0000000100000000)
  region size 1024K, 2 young (2048K), 2 survivors (2048K)
 Metaspace       used 103543K, capacity 106835K, committed 107528K, reserved 348160K
  class space    used 12864K, capacity 14002K, committed 14208K, reserved 253952K
}
Event: 14942.209 GC heap before
{Heap before GC invocations=112 (full 0):
 garbage-first heap   total 449536K, used 153546K [0x00000000e0000000, 0x0000000100000000)
  region size 1024K, 21 young (21504K), 2 survivors (2048K)
 Metaspace       used 103697K, capacity 107106K, committed 107528K, reserved 348160K
  class space    used 12904K, capacity 14093K, committed 14208K, reserved 253952K
}
Event: 14942.844 GC heap after
{Heap after GC invocations=113 (full 0):
 garbage-first heap   total 449536K, used 128897K [0x00000000e0000000, 0x0000000100000000)
  region size 1024K, 3 young (3072K), 3 survivors (3072K)
 Metaspace       used 103697K, capacity 107106K, committed 107528K, reserved 348160K
  class space    used 12904K, capacity 14093K, committed 14208K, reserved 253952K
}
Event: 14945.311 GC heap before
{Heap before GC invocations=113 (full 0):
 garbage-first heap   total 449536K, used 147329K [0x00000000e0000000, 0x0000000100000000)
  region size 1024K, 21 young (21504K), 3 survivors (3072K)
 Metaspace       used 103802K, capacity 107276K, committed 107528K, reserved 348160K
  class space    used 12931K, capacity 14133K, committed 14208K, reserved 253952K
}
Event: 14946.003 GC heap after
{Heap after GC invocations=114 (full 0):
 garbage-first heap   total 449536K, used 129567K [0x00000000e0000000, 0x0000000100000000)
  region size 1024K, 3 young (3072K), 3 survivors (3072K)
 Metaspace       used 103802K, capacity 107276K, committed 107528K, reserved 348160K
  class space    used 12931K, capacity 14133K, committed 14208K, reserved 253952K
}
Event: 14946.890 GC heap before
{Heap before GC invocations=114 (full 0):
 garbage-first heap   total 449536K, used 147999K [0x00000000e0000000, 0x0000000100000000)
  region size 1024K, 21 young (21504K), 3 survivors (3072K)
 Metaspace       used 103859K, capacity 107370K, committed 107784K, reserved 348160K
  class space    used 12935K, capacity 14139K, committed 14208K, reserved 253952K
}
Event: 14947.100 GC heap after
{Heap after GC invocations=115 (full 0):
 garbage-first heap   total 449536K, used 133211K [0x00000000e0000000, 0x0000000100000000)
  region size 1024K, 3 young (3072K), 3 survivors (3072K)
 Metaspace       used 103859K, capacity 107370K, committed 107784K, reserved 348160K
  class space    used 12935K, capacity 14139K, committed 14208K, reserved 253952K
}

